<?xml version="1.0" encoding="UTF-8"?>
<!-- Generated by org.testng.reporters.JUnitXMLReporter -->
<testsuite ignored="0" hostname="DESKTOP-R60MPPN" failures="0" tests="6" name="Command line test" time="0.07" errors="0" timestamp="2021-09-13T18:57:45 IST">
  <testcase classname="MavenProject.Mavenjava.AppiumTest" name="IOSapp" time="0.005"/>
  <testcase classname="MavenProject.Mavenjava.AppiumTest" name="NativeAppAndroid" time="0.0"/>
  <testcase classname="MavenProject.Mavenjava.RestassuredTest" name="deletetwitter" time="0.0"/>
  <testcase classname="MavenProject.Mavenjava.RestassuredTest" name="postjira" time="0.001"/>
  <testcase classname="MavenProject.Mavenjava.SeleniumTest" name="BrowserAutomation" time="0.001"/>
  <testcase classname="MavenProject.Mavenjava.SeleniumTest" name="ElementsUI" time="0.001"/>
</testsuite> <!-- Command line test -->
