<?xml version="1.0" encoding="UTF-8"?>
<!-- Generated by org.testng.reporters.JUnitXMLReporter -->
<testsuite ignored="0" hostname="DESKTOP-R60MPPN" failures="0" tests="6" name="Test" time="0.076" errors="0" timestamp="2021-09-13T18:59:55 IST">
  <testcase classname="MavenProject.Mavenjava.AppiumTest" name="IOSapp" time="0.006"/>
  <testcase classname="MavenProject.Mavenjava.AppiumTest" name="NativeAppAndroid" time="0.0"/>
  <testcase classname="MavenProject.Mavenjava.RestassuredTest" name="deletetwitter" time="0.0"/>
  <testcase classname="MavenProject.Mavenjava.RestassuredTest" name="postjira" time="0.0"/>
  <testcase classname="MavenProject.Mavenjava.SeleniumTest" name="BrowserAutomation" time="0.001"/>
  <testcase classname="MavenProject.Mavenjava.SeleniumTest" name="ElementsUI" time="0.001"/>
</testsuite> <!-- Test -->
