<?xml version="1.0" encoding="UTF-8"?>
<testng-results ignored="0" total="6" passed="6" failed="0" skipped="0">
  <reporter-output>
  </reporter-output>
  <suite started-at="2021-09-13T18:59:54 IST" name="Suite" finished-at="2021-09-13T18:59:54 IST" duration-ms="76">
    <groups>
    </groups>
    <test started-at="2021-09-13T18:59:54 IST" name="Test" finished-at="2021-09-13T18:59:54 IST" duration-ms="76">
      <class name="MavenProject.Mavenjava.RestassuredTest">
        <test-method signature="deletetwitter()[pri:0, instance:MavenProject.Mavenjava.RestassuredTest@794cb805]" started-at="2021-09-13T18:59:54 IST" name="deletetwitter" finished-at="2021-09-13T18:59:54 IST" duration-ms="0" status="PASS">
          <reporter-output>
          </reporter-output>
        </test-method> <!-- deletetwitter -->
        <test-method signature="postjira()[pri:0, instance:MavenProject.Mavenjava.RestassuredTest@794cb805]" started-at="2021-09-13T18:59:54 IST" name="postjira" finished-at="2021-09-13T18:59:54 IST" duration-ms="0" status="PASS">
          <reporter-output>
          </reporter-output>
        </test-method> <!-- postjira -->
      </class> <!-- MavenProject.Mavenjava.RestassuredTest -->
      <class name="MavenProject.Mavenjava.AppiumTest">
        <test-method signature="IOSapp()[pri:0, instance:MavenProject.Mavenjava.AppiumTest@12e61fe6]" started-at="2021-09-13T18:59:54 IST" name="IOSapp" finished-at="2021-09-13T18:59:54 IST" duration-ms="6" status="PASS">
          <reporter-output>
          </reporter-output>
        </test-method> <!-- IOSapp -->
        <test-method signature="NativeAppAndroid()[pri:0, instance:MavenProject.Mavenjava.AppiumTest@12e61fe6]" started-at="2021-09-13T18:59:54 IST" name="NativeAppAndroid" finished-at="2021-09-13T18:59:54 IST" duration-ms="0" status="PASS">
          <reporter-output>
          </reporter-output>
        </test-method> <!-- NativeAppAndroid -->
      </class> <!-- MavenProject.Mavenjava.AppiumTest -->
      <class name="MavenProject.Mavenjava.SeleniumTest">
        <test-method signature="BrowserAutomation()[pri:0, instance:MavenProject.Mavenjava.SeleniumTest@4b5a5ed1]" started-at="2021-09-13T18:59:54 IST" name="BrowserAutomation" finished-at="2021-09-13T18:59:54 IST" duration-ms="1" status="PASS">
          <reporter-output>
          </reporter-output>
        </test-method> <!-- BrowserAutomation -->
        <test-method signature="ElementsUI()[pri:0, instance:MavenProject.Mavenjava.SeleniumTest@4b5a5ed1]" started-at="2021-09-13T18:59:54 IST" name="ElementsUI" finished-at="2021-09-13T18:59:54 IST" duration-ms="1" status="PASS">
          <reporter-output>
          </reporter-output>
        </test-method> <!-- ElementsUI -->
      </class> <!-- MavenProject.Mavenjava.SeleniumTest -->
    </test> <!-- Test -->
  </suite> <!-- Suite -->
</testng-results>
